<?xml version="1.0" encoding="UTF-8"?>
<testng-results skipped="0" failed="0" ignored="0" total="1" passed="1">
  <reporter-output>
  </reporter-output>
  <suite name="Default suite" duration-ms="18071" started-at="2020-01-25T06:29:13Z" finished-at="2020-01-25T06:29:31Z">
    <groups>
      <group name="cucumber">
        <method signature="TestRunner.feature(cucumber.api.testng.CucumberFeatureWrapper)[pri:0, instance:MyRunner.TestRunner@490ab905]" name="feature" class="MyRunner.TestRunner"/>
      </group> <!-- cucumber -->
    </groups>
    <test name="Default test" duration-ms="18071" started-at="2020-01-25T06:29:13Z" finished-at="2020-01-25T06:29:31Z">
      <class name="MyRunner.TestRunner">
        <test-method status="PASS" signature="setUpClass()[pri:0, instance:MyRunner.TestRunner@490ab905]" name="setUpClass" is-config="true" duration-ms="285" started-at="2020-01-25T06:29:13Z" finished-at="2020-01-25T06:29:13Z">
          <reporter-output>
          </reporter-output>
        </test-method> <!-- setUpClass -->
        <test-method status="PASS" signature="feature(cucumber.api.testng.CucumberFeatureWrapper)[pri:0, instance:MyRunner.TestRunner@490ab905]" name="feature" duration-ms="17628" started-at="2020-01-25T06:29:13Z" description="Runs Cucumber Feature" data-provider="features" finished-at="2020-01-25T06:29:31Z">
          <params>
            <param index="0">
              <value>
                <![CDATA[Sample Test Page]]>
              </value>
            </param>
          </params>
          <reporter-output>
          </reporter-output>
        </test-method> <!-- feature -->
        <test-method status="PASS" signature="tearDownClass()[pri:0, instance:MyRunner.TestRunner@490ab905]" name="tearDownClass" is-config="true" duration-ms="20" started-at="2020-01-25T06:29:31Z" finished-at="2020-01-25T06:29:31Z">
          <reporter-output>
          </reporter-output>
        </test-method> <!-- tearDownClass -->
      </class> <!-- MyRunner.TestRunner -->
    </test> <!-- Default test -->
  </suite> <!-- Default suite -->
</testng-results>
